<?xml version="1.0" encoding="UTF-8"?>
<!-- Generated by org.testng.reporters.JUnitXMLReporter -->
<testsuite ignored="4" hostname="DESKTOP-J7P6RIK" failures="0" tests="2" name="Test" time="0.062" errors="0" timestamp="2024-02-28T18:57:20 EST">
  <testcase classname="com.testcases.sample.A" name="a2" time="0.009"/>
  <testcase classname="com.testcases.sample.B" name="b3" time="0.001"/>
  <testcase classname="com.testcases.sample.A" name="a1" time="0.0">
    <ignored/>
  </testcase> <!-- a1 -->
  <testcase classname="com.testcases.sample.B" name="b1" time="0.0">
    <ignored/>
  </testcase> <!-- b1 -->
  <testcase classname="com.testcases.sample.B" name="b2" time="0.0">
    <ignored/>
  </testcase> <!-- b2 -->
  <testcase classname="com.testcases.sample.A" name="a3" time="0.0">
    <ignored/>
  </testcase> <!-- a3 -->
</testsuite> <!-- Test -->
