<?xml version="1.0" encoding="UTF-8"?>
<testng-results ignored="0" total="1" passed="0" failed="1" skipped="0">
  <reporter-output>
  </reporter-output>
  <suite started-at="2024-02-28T19:58:34 EST" name="Default suite" finished-at="2024-02-28T19:58:38 EST" duration-ms="3851">
    <groups>
    </groups>
    <test started-at="2024-02-28T19:58:34 EST" name="Default test" finished-at="2024-02-28T19:58:38 EST" duration-ms="3851">
      <class name="com.testcases.getshipboardsaas.Configuration">
        <test-method signature="Browser()[pri:0, instance:com.testcases.getshipboardsaas.Configuration@1de76cc7]" started-at="2024-02-28T19:58:34 EST" name="Browser" finished-at="2024-02-28T19:58:38 EST" duration-ms="3808" status="FAIL">
          <exception class="org.openqa.selenium.SessionNotCreatedException">
            <message>
              <![CDATA[session not created: This version of ChromeDriver only supports Chrome version 114
Current browser version is 116.0.5845.188 with binary path C:\Program Files (x86)\Google\Chrome\Application\chrome.exe
Build info: version: '3.141.59', revision: 'e82be7d358', time: '2018-11-14T08:17:03'
System info: host: 'DESKTOP-J7P6RIK', ip: '10.0.0.136', os.name: 'Windows 10', os.arch: 'amd64', os.version: '10.0', java.version: '16.0.2'
Driver info: driver.version: ChromeDriver
remote stacktrace: Backtrace:
GetHandleVerifier [0x0077A813+48355]
(No symbol) [0x0070C4B1]
(No symbol) [0x00615358]
(No symbol) [0x006361AC]
(No symbol) [0x00631EF3]
(No symbol) [0x00630579]
(No symbol) [0x00660C55]
(No symbol) [0x0066093C]
(No symbol) [0x0065A536]
(No symbol) [0x006382DC]
(No symbol) [0x006393DD]
GetHandleVerifier [0x009DAABD+2539405]
GetHandleVerifier [0x00A1A78F+2800735]
GetHandleVerifier [0x00A1456C+2775612]
GetHandleVerifier [0x008051E0+616112]
(No symbol) [0x00715F8C]
(No symbol) [0x00712328]
(No symbol) [0x0071240B]
(No symbol) [0x00704FF7]
BaseThreadInitThunk [0x772C6359+25]
RtlGetAppContainerNamedObjectPath [0x777487A4+228]
RtlGetAppContainerNamedObjectPath [0x77748774+180]
]]>
            </message>
            <full-stacktrace>
              <![CDATA[org.openqa.selenium.SessionNotCreatedException: session not created: This version of ChromeDriver only supports Chrome version 114
Current browser version is 116.0.5845.188 with binary path C:\Program Files (x86)\Google\Chrome\Application\chrome.exe
Build info: version: '3.141.59', revision: 'e82be7d358', time: '2018-11-14T08:17:03'
System info: host: 'DESKTOP-J7P6RIK', ip: '10.0.0.136', os.name: 'Windows 10', os.arch: 'amd64', os.version: '10.0', java.version: '16.0.2'
Driver info: driver.version: ChromeDriver
remote stacktrace: Backtrace:
GetHandleVerifier [0x0077A813+48355]
(No symbol) [0x0070C4B1]
(No symbol) [0x00615358]
(No symbol) [0x006361AC]
(No symbol) [0x00631EF3]
(No symbol) [0x00630579]
(No symbol) [0x00660C55]
(No symbol) [0x0066093C]
(No symbol) [0x0065A536]
(No symbol) [0x006382DC]
(No symbol) [0x006393DD]
GetHandleVerifier [0x009DAABD+2539405]
GetHandleVerifier [0x00A1A78F+2800735]
GetHandleVerifier [0x00A1456C+2775612]
GetHandleVerifier [0x008051E0+616112]
(No symbol) [0x00715F8C]
(No symbol) [0x00712328]
(No symbol) [0x0071240B]
(No symbol) [0x00704FF7]
BaseThreadInitThunk [0x772C6359+25]
RtlGetAppContainerNamedObjectPath [0x777487A4+228]
RtlGetAppContainerNamedObjectPath [0x77748774+180]

at java.base/jdk.internal.reflect.NativeConstructorAccessorImpl.newInstance0(Native Method)
at java.base/jdk.internal.reflect.NativeConstructorAccessorImpl.newInstance(NativeConstructorAccessorImpl.java:78)
at java.base/jdk.internal.reflect.DelegatingConstructorAccessorImpl.newInstance(DelegatingConstructorAccessorImpl.java:45)
at java.base/java.lang.reflect.Constructor.newInstanceWithCaller(Constructor.java:499)
at java.base/java.lang.reflect.Constructor.newInstance(Constructor.java:480)
at org.openqa.selenium.remote.W3CHandshakeResponse.lambda$errorHandler$0(W3CHandshakeResponse.java:62)
at org.openqa.selenium.remote.HandshakeResponse.lambda$getResponseFunction$0(HandshakeResponse.java:30)
at org.openqa.selenium.remote.ProtocolHandshake.lambda$createSession$0(ProtocolHandshake.java:126)
at java.base/java.util.stream.ReferencePipeline$3$1.accept(ReferencePipeline.java:197)
at java.base/java.util.Spliterators$ArraySpliterator.tryAdvance(Spliterators.java:958)
at java.base/java.util.stream.ReferencePipeline.forEachWithCancel(ReferencePipeline.java:129)
at java.base/java.util.stream.AbstractPipeline.copyIntoWithCancel(AbstractPipeline.java:502)
at java.base/java.util.stream.AbstractPipeline.copyInto(AbstractPipeline.java:488)
at java.base/java.util.stream.AbstractPipeline.wrapAndCopyInto(AbstractPipeline.java:474)
at java.base/java.util.stream.FindOps$FindOp.evaluateSequential(FindOps.java:150)
at java.base/java.util.stream.AbstractPipeline.evaluate(AbstractPipeline.java:234)
at java.base/java.util.stream.ReferencePipeline.findFirst(ReferencePipeline.java:647)
at org.openqa.selenium.remote.ProtocolHandshake.createSession(ProtocolHandshake.java:128)
at org.openqa.selenium.remote.ProtocolHandshake.createSession(ProtocolHandshake.java:74)
at org.openqa.selenium.remote.HttpCommandExecutor.execute(HttpCommandExecutor.java:136)
at org.openqa.selenium.remote.service.DriverCommandExecutor.execute(DriverCommandExecutor.java:83)
at org.openqa.selenium.remote.RemoteWebDriver.execute(RemoteWebDriver.java:552)
at org.openqa.selenium.remote.RemoteWebDriver.startSession(RemoteWebDriver.java:213)
at org.openqa.selenium.remote.RemoteWebDriver.<init>(RemoteWebDriver.java:131)
at org.openqa.selenium.chrome.ChromeDriver.<init>(ChromeDriver.java:181)
at org.openqa.selenium.chrome.ChromeDriver.<init>(ChromeDriver.java:168)
at org.openqa.selenium.chrome.ChromeDriver.<init>(ChromeDriver.java:123)
at com.testcases.getshipboardsaas.Configuration.Browser(Configuration.java:26)
at java.base/jdk.internal.reflect.NativeMethodAccessorImpl.invoke0(Native Method)
at java.base/jdk.internal.reflect.NativeMethodAccessorImpl.invoke(NativeMethodAccessorImpl.java:78)
at java.base/jdk.internal.reflect.DelegatingMethodAccessorImpl.invoke(DelegatingMethodAccessorImpl.java:43)
at java.base/java.lang.reflect.Method.invoke(Method.java:567)
at org.testng.internal.MethodInvocationHelper.invokeMethod(MethodInvocationHelper.java:135)
at org.testng.internal.TestInvoker.invokeMethod(TestInvoker.java:598)
at org.testng.internal.TestInvoker.invokeTestMethod(TestInvoker.java:174)
at org.testng.internal.MethodRunner.runInSequence(MethodRunner.java:46)
at org.testng.internal.TestInvoker$MethodInvocationAgent.invoke(TestInvoker.java:821)
at org.testng.internal.TestInvoker.invokeTestMethods(TestInvoker.java:147)
at org.testng.internal.TestMethodWorker.invokeTestMethods(TestMethodWorker.java:146)
at org.testng.internal.TestMethodWorker.run(TestMethodWorker.java:128)
at java.base/java.util.ArrayList.forEach(ArrayList.java:1511)
at org.testng.TestRunner.privateRun(TestRunner.java:767)
at org.testng.TestRunner.run(TestRunner.java:588)
at org.testng.SuiteRunner.runTest(SuiteRunner.java:384)
at org.testng.SuiteRunner.runSequentially(SuiteRunner.java:378)
at org.testng.SuiteRunner.privateRun(SuiteRunner.java:337)
at org.testng.SuiteRunner.run(SuiteRunner.java:286)
at org.testng.SuiteRunnerWorker.runSuite(SuiteRunnerWorker.java:53)
at org.testng.SuiteRunnerWorker.run(SuiteRunnerWorker.java:96)
at org.testng.TestNG.runSuitesSequentially(TestNG.java:1214)
at org.testng.TestNG.runSuitesLocally(TestNG.java:1136)
at org.testng.TestNG.runSuites(TestNG.java:1066)
at org.testng.TestNG.run(TestNG.java:1034)
at org.testng.remote.AbstractRemoteTestNG.run(AbstractRemoteTestNG.java:115)
at org.testng.remote.RemoteTestNG.initAndRun(RemoteTestNG.java:251)
at org.testng.remote.RemoteTestNG.main(RemoteTestNG.java:77)
]]>
            </full-stacktrace>
          </exception> <!-- org.openqa.selenium.SessionNotCreatedException -->
          <reporter-output>
          </reporter-output>
        </test-method> <!-- Browser -->
      </class> <!-- com.testcases.getshipboardsaas.Configuration -->
    </test> <!-- Default test -->
  </suite> <!-- Default suite -->
</testng-results>
